<?xml version="1.0" encoding="UTF-8"?>
<testsuite xmlns:xsi="http://www.w3.org/2001/XMLSchema-instance" xsi:noNamespaceSchemaLocation="https://maven.apache.org/surefire/maven-surefire-plugin/xsd/surefire-test-report.xsd" name="tests.PersonalAccountPageTests" time="44.701" tests="12" errors="9" skipped="0" failures="0">
  <properties>
[...]
</properties>
  <testcase name="openMainPageButtonConstructorTest[0]" classname="tests.PersonalAccountPageTests" time="3.462">
    <error message="session not created: This version of ChromeDriver only supports Chrome version 114&#10;Current browser version is 120.0.6099.110 with binary path C:\Program Files (x86)\Google\Chrome\Application\chrome.exe&#10;Build info: version: &apos;3.141.59&apos;, revision: &apos;e82be7d358&apos;, time: &apos;2018-11-14T08:17:03&apos;&#10;System info: host: &apos;EBOGDANOVA-L&apos;, ip: &apos;10.101.164.59&apos;, os.name: &apos;Windows 10&apos;, os.arch: &apos;amd64&apos;, os.version: &apos;10.0&apos;, java.version: &apos;11.0.14&apos;&#10;Driver info: driver.version: ChromeDriver&#10;remote stacktrace: Backtrace:&#10;	GetHandleVerifier [0x007BA813+48355]&#10;	(No symbol) [0x0074C4B1]&#10;	(No symbol) [0x00655358]&#10;	(No symbol) [0x006761AC]&#10;	(No symbol) [0x00671EF3]&#10;	(No symbol) [0x00670579]&#10;	(No symbol) [0x006A0C55]&#10;	(No symbol) [0x006A093C]&#10;	(No symbol) [0x0069A536]&#10;	(No symbol) [0x006782DC]&#10;	(No symbol) [0x006793DD]&#10;	GetHandleVerifier [0x00A1AABD+2539405]&#10;	GetHandleVerifier [0x00A5A78F+2800735]&#10;	GetHandleVerifier [0x00A5456C+2775612]&#10;	GetHandleVerifier [0x008451E0+616112]&#10;	(No symbol) [0x00755F8C]&#10;	(No symbol) [0x00752328]&#10;	(No symbol) [0x0075240B]&#10;	(No symbol) [0x00744FF7]&#10;	BaseThreadInitThunk [0x761600C9+25]&#10;	RtlGetAppContainerNamedObjectPath [0x772E7B4E+286]&#10;	RtlGetAppContainerNamedObjectPath [0x772E7B1E+238]&#10;" type="org.openqa.selenium.SessionNotCreatedException">org.openqa.selenium.SessionNotCreatedException: 
session not created: This version of ChromeDriver only supports Chrome version 114
Current browser version is 120.0.6099.110 with binary path C:\Program Files (x86)\Google\Chrome\Application\chrome.exe
Build info: version: '3.141.59', revision: 'e82be7d358', time: '2018-11-14T08:17:03'
System info: host: 'EBOGDANOVA-L', ip: '10.101.164.59', os.name: 'Windows 10', os.arch: 'amd64', os.version: '10.0', java.version: '11.0.14'
Driver info: driver.version: ChromeDriver
remote stacktrace: Backtrace:
	GetHandleVerifier [0x007BA813+48355]
	(No symbol) [0x0074C4B1]
	(No symbol) [0x00655358]
	(No symbol) [0x006761AC]
	(No symbol) [0x00671EF3]
	(No symbol) [0x00670579]
	(No symbol) [0x006A0C55]
	(No symbol) [0x006A093C]
	(No symbol) [0x0069A536]
	(No symbol) [0x006782DC]
	(No symbol) [0x006793DD]
	GetHandleVerifier [0x00A1AABD+2539405]
	GetHandleVerifier [0x00A5A78F+2800735]
	GetHandleVerifier [0x00A5456C+2775612]
	GetHandleVerifier [0x008451E0+616112]
	(No symbol) [0x00755F8C]
	(No symbol) [0x00752328]
	(No symbol) [0x0075240B]
	(No symbol) [0x00744FF7]
	BaseThreadInitThunk [0x761600C9+25]
	RtlGetAppContainerNamedObjectPath [0x772E7B4E+286]
	RtlGetAppContainerNamedObjectPath [0x772E7B1E+238]

	at tests.PersonalAccountPageTests.login(PersonalAccountPageTests.java:41)
</error>
    <system-err><![CDATA[Starting ChromeDriver 114.0.5735.90 (386bc09e8f4f2e025eddae123f36f6263096ae49-refs/branch-heads/5735@{#1052}) on port 40435
Only local connections are allowed.
Please see https://chromedriver.chromium.org/security-considerations for suggestions on keeping ChromeDriver safe.
ChromeDriver was started successfully.
]]></system-err>
  </testcase>
  <testcase name="openMainPageButtonConstructorTest[0]" classname="tests.PersonalAccountPageTests" time="3.463">
    <error type="java.lang.NullPointerException">java.lang.NullPointerException
	at tests.PersonalAccountPageTests.teardown(PersonalAccountPageTests.java:97)
</error>
  </testcase>
  <testcase name="personalAccountTest[0]" classname="tests.PersonalAccountPageTests" time="2.616">
    <error message="session not created: This version of ChromeDriver only supports Chrome version 114&#10;Current browser version is 120.0.6099.110 with binary path C:\Program Files (x86)\Google\Chrome\Application\chrome.exe&#10;Build info: version: &apos;3.141.59&apos;, revision: &apos;e82be7d358&apos;, time: &apos;2018-11-14T08:17:03&apos;&#10;System info: host: &apos;EBOGDANOVA-L&apos;, ip: &apos;10.101.164.59&apos;, os.name: &apos;Windows 10&apos;, os.arch: &apos;amd64&apos;, os.version: &apos;10.0&apos;, java.version: &apos;11.0.14&apos;&#10;Driver info: driver.version: ChromeDriver&#10;remote stacktrace: Backtrace:&#10;	GetHandleVerifier [0x007BA813+48355]&#10;	(No symbol) [0x0074C4B1]&#10;	(No symbol) [0x00655358]&#10;	(No symbol) [0x006761AC]&#10;	(No symbol) [0x00671EF3]&#10;	(No symbol) [0x00670579]&#10;	(No symbol) [0x006A0C55]&#10;	(No symbol) [0x006A093C]&#10;	(No symbol) [0x0069A536]&#10;	(No symbol) [0x006782DC]&#10;	(No symbol) [0x006793DD]&#10;	GetHandleVerifier [0x00A1AABD+2539405]&#10;	GetHandleVerifier [0x00A5A78F+2800735]&#10;	GetHandleVerifier [0x00A5456C+2775612]&#10;	GetHandleVerifier [0x008451E0+616112]&#10;	(No symbol) [0x00755F8C]&#10;	(No symbol) [0x00752328]&#10;	(No symbol) [0x0075240B]&#10;	(No symbol) [0x00744FF7]&#10;	BaseThreadInitThunk [0x761600C9+25]&#10;	RtlGetAppContainerNamedObjectPath [0x772E7B4E+286]&#10;	RtlGetAppContainerNamedObjectPath [0x772E7B1E+238]&#10;" type="org.openqa.selenium.SessionNotCreatedException">org.openqa.selenium.SessionNotCreatedException: 
session not created: This version of ChromeDriver only supports Chrome version 114
Current browser version is 120.0.6099.110 with binary path C:\Program Files (x86)\Google\Chrome\Application\chrome.exe
Build info: version: '3.141.59', revision: 'e82be7d358', time: '2018-11-14T08:17:03'
System info: host: 'EBOGDANOVA-L', ip: '10.101.164.59', os.name: 'Windows 10', os.arch: 'amd64', os.version: '10.0', java.version: '11.0.14'
Driver info: driver.version: ChromeDriver
remote stacktrace: Backtrace:
	GetHandleVerifier [0x007BA813+48355]
	(No symbol) [0x0074C4B1]
	(No symbol) [0x00655358]
	(No symbol) [0x006761AC]
	(No symbol) [0x00671EF3]
	(No symbol) [0x00670579]
	(No symbol) [0x006A0C55]
	(No symbol) [0x006A093C]
	(No symbol) [0x0069A536]
	(No symbol) [0x006782DC]
	(No symbol) [0x006793DD]
	GetHandleVerifier [0x00A1AABD+2539405]
	GetHandleVerifier [0x00A5A78F+2800735]
	GetHandleVerifier [0x00A5456C+2775612]
	GetHandleVerifier [0x008451E0+616112]
	(No symbol) [0x00755F8C]
	(No symbol) [0x00752328]
	(No symbol) [0x0075240B]
	(No symbol) [0x00744FF7]
	BaseThreadInitThunk [0x761600C9+25]
	RtlGetAppContainerNamedObjectPath [0x772E7B4E+286]
	RtlGetAppContainerNamedObjectPath [0x772E7B1E+238]

	at tests.PersonalAccountPageTests.login(PersonalAccountPageTests.java:41)
</error>
    <system-err><![CDATA[Starting ChromeDriver 114.0.5735.90 (386bc09e8f4f2e025eddae123f36f6263096ae49-refs/branch-heads/5735@{#1052}) on port 7704
Only local connections are allowed.
Please see https://chromedriver.chromium.org/security-considerations for suggestions on keeping ChromeDriver safe.
ChromeDriver was started successfully.
]]></system-err>
  </testcase>
  <testcase name="personalAccountTest[0]" classname="tests.PersonalAccountPageTests" time="2.617">
    <error type="java.lang.NullPointerException">java.lang.NullPointerException
	at tests.PersonalAccountPageTests.teardown(PersonalAccountPageTests.java:97)
</error>
  </testcase>
  <testcase name="openMainPageButtonLogoTest[0]" classname="tests.PersonalAccountPageTests" time="2.702">
    <error message="session not created: This version of ChromeDriver only supports Chrome version 114&#10;Current browser version is 120.0.6099.110 with binary path C:\Program Files (x86)\Google\Chrome\Application\chrome.exe&#10;Build info: version: &apos;3.141.59&apos;, revision: &apos;e82be7d358&apos;, time: &apos;2018-11-14T08:17:03&apos;&#10;System info: host: &apos;EBOGDANOVA-L&apos;, ip: &apos;10.101.164.59&apos;, os.name: &apos;Windows 10&apos;, os.arch: &apos;amd64&apos;, os.version: &apos;10.0&apos;, java.version: &apos;11.0.14&apos;&#10;Driver info: driver.version: ChromeDriver&#10;remote stacktrace: Backtrace:&#10;	GetHandleVerifier [0x007BA813+48355]&#10;	(No symbol) [0x0074C4B1]&#10;	(No symbol) [0x00655358]&#10;	(No symbol) [0x006761AC]&#10;	(No symbol) [0x00671EF3]&#10;	(No symbol) [0x00670579]&#10;	(No symbol) [0x006A0C55]&#10;	(No symbol) [0x006A093C]&#10;	(No symbol) [0x0069A536]&#10;	(No symbol) [0x006782DC]&#10;	(No symbol) [0x006793DD]&#10;	GetHandleVerifier [0x00A1AABD+2539405]&#10;	GetHandleVerifier [0x00A5A78F+2800735]&#10;	GetHandleVerifier [0x00A5456C+2775612]&#10;	GetHandleVerifier [0x008451E0+616112]&#10;	(No symbol) [0x00755F8C]&#10;	(No symbol) [0x00752328]&#10;	(No symbol) [0x0075240B]&#10;	(No symbol) [0x00744FF7]&#10;	BaseThreadInitThunk [0x761600C9+25]&#10;	RtlGetAppContainerNamedObjectPath [0x772E7B4E+286]&#10;	RtlGetAppContainerNamedObjectPath [0x772E7B1E+238]&#10;" type="org.openqa.selenium.SessionNotCreatedException">org.openqa.selenium.SessionNotCreatedException: 
session not created: This version of ChromeDriver only supports Chrome version 114
Current browser version is 120.0.6099.110 with binary path C:\Program Files (x86)\Google\Chrome\Application\chrome.exe
Build info: version: '3.141.59', revision: 'e82be7d358', time: '2018-11-14T08:17:03'
System info: host: 'EBOGDANOVA-L', ip: '10.101.164.59', os.name: 'Windows 10', os.arch: 'amd64', os.version: '10.0', java.version: '11.0.14'
Driver info: driver.version: ChromeDriver
remote stacktrace: Backtrace:
	GetHandleVerifier [0x007BA813+48355]
	(No symbol) [0x0074C4B1]
	(No symbol) [0x00655358]
	(No symbol) [0x006761AC]
	(No symbol) [0x00671EF3]
	(No symbol) [0x00670579]
	(No symbol) [0x006A0C55]
	(No symbol) [0x006A093C]
	(No symbol) [0x0069A536]
	(No symbol) [0x006782DC]
	(No symbol) [0x006793DD]
	GetHandleVerifier [0x00A1AABD+2539405]
	GetHandleVerifier [0x00A5A78F+2800735]
	GetHandleVerifier [0x00A5456C+2775612]
	GetHandleVerifier [0x008451E0+616112]
	(No symbol) [0x00755F8C]
	(No symbol) [0x00752328]
	(No symbol) [0x0075240B]
	(No symbol) [0x00744FF7]
	BaseThreadInitThunk [0x761600C9+25]
	RtlGetAppContainerNamedObjectPath [0x772E7B4E+286]
	RtlGetAppContainerNamedObjectPath [0x772E7B1E+238]

	at tests.PersonalAccountPageTests.login(PersonalAccountPageTests.java:41)
</error>
    <system-err><![CDATA[Starting ChromeDriver 114.0.5735.90 (386bc09e8f4f2e025eddae123f36f6263096ae49-refs/branch-heads/5735@{#1052}) on port 24579
Only local connections are allowed.
Please see https://chromedriver.chromium.org/security-considerations for suggestions on keeping ChromeDriver safe.
ChromeDriver was started successfully.
]]></system-err>
  </testcase>
  <testcase name="openMainPageButtonLogoTest[0]" classname="tests.PersonalAccountPageTests" time="2.702">
    <error type="java.lang.NullPointerException">java.lang.NullPointerException
	at tests.PersonalAccountPageTests.teardown(PersonalAccountPageTests.java:97)
</error>
  </testcase>
  <testcase name="openLoginPageButtonExitTest[0]" classname="tests.PersonalAccountPageTests" time="3.256">
    <error message="session not created: This version of ChromeDriver only supports Chrome version 114&#10;Current browser version is 120.0.6099.110 with binary path C:\Program Files (x86)\Google\Chrome\Application\chrome.exe&#10;Build info: version: &apos;3.141.59&apos;, revision: &apos;e82be7d358&apos;, time: &apos;2018-11-14T08:17:03&apos;&#10;System info: host: &apos;EBOGDANOVA-L&apos;, ip: &apos;10.101.164.59&apos;, os.name: &apos;Windows 10&apos;, os.arch: &apos;amd64&apos;, os.version: &apos;10.0&apos;, java.version: &apos;11.0.14&apos;&#10;Driver info: driver.version: ChromeDriver&#10;remote stacktrace: Backtrace:&#10;	GetHandleVerifier [0x007BA813+48355]&#10;	(No symbol) [0x0074C4B1]&#10;	(No symbol) [0x00655358]&#10;	(No symbol) [0x006761AC]&#10;	(No symbol) [0x00671EF3]&#10;	(No symbol) [0x00670579]&#10;	(No symbol) [0x006A0C55]&#10;	(No symbol) [0x006A093C]&#10;	(No symbol) [0x0069A536]&#10;	(No symbol) [0x006782DC]&#10;	(No symbol) [0x006793DD]&#10;	GetHandleVerifier [0x00A1AABD+2539405]&#10;	GetHandleVerifier [0x00A5A78F+2800735]&#10;	GetHandleVerifier [0x00A5456C+2775612]&#10;	GetHandleVerifier [0x008451E0+616112]&#10;	(No symbol) [0x00755F8C]&#10;	(No symbol) [0x00752328]&#10;	(No symbol) [0x0075240B]&#10;	(No symbol) [0x00744FF7]&#10;	BaseThreadInitThunk [0x761600C9+25]&#10;	RtlGetAppContainerNamedObjectPath [0x772E7B4E+286]&#10;	RtlGetAppContainerNamedObjectPath [0x772E7B1E+238]&#10;" type="org.openqa.selenium.SessionNotCreatedException">org.openqa.selenium.SessionNotCreatedException: 
session not created: This version of ChromeDriver only supports Chrome version 114
Current browser version is 120.0.6099.110 with binary path C:\Program Files (x86)\Google\Chrome\Application\chrome.exe
Build info: version: '3.141.59', revision: 'e82be7d358', time: '2018-11-14T08:17:03'
System info: host: 'EBOGDANOVA-L', ip: '10.101.164.59', os.name: 'Windows 10', os.arch: 'amd64', os.version: '10.0', java.version: '11.0.14'
Driver info: driver.version: ChromeDriver
remote stacktrace: Backtrace:
	GetHandleVerifier [0x007BA813+48355]
	(No symbol) [0x0074C4B1]
	(No symbol) [0x00655358]
	(No symbol) [0x006761AC]
	(No symbol) [0x00671EF3]
	(No symbol) [0x00670579]
	(No symbol) [0x006A0C55]
	(No symbol) [0x006A093C]
	(No symbol) [0x0069A536]
	(No symbol) [0x006782DC]
	(No symbol) [0x006793DD]
	GetHandleVerifier [0x00A1AABD+2539405]
	GetHandleVerifier [0x00A5A78F+2800735]
	GetHandleVerifier [0x00A5456C+2775612]
	GetHandleVerifier [0x008451E0+616112]
	(No symbol) [0x00755F8C]
	(No symbol) [0x00752328]
	(No symbol) [0x0075240B]
	(No symbol) [0x00744FF7]
	BaseThreadInitThunk [0x761600C9+25]
	RtlGetAppContainerNamedObjectPath [0x772E7B4E+286]
	RtlGetAppContainerNamedObjectPath [0x772E7B1E+238]

	at tests.PersonalAccountPageTests.login(PersonalAccountPageTests.java:41)
</error>
    <system-err><![CDATA[Starting ChromeDriver 114.0.5735.90 (386bc09e8f4f2e025eddae123f36f6263096ae49-refs/branch-heads/5735@{#1052}) on port 43251
Only local connections are allowed.
Please see https://chromedriver.chromium.org/security-considerations for suggestions on keeping ChromeDriver safe.
ChromeDriver was started successfully.
]]></system-err>
  </testcase>
  <testcase name="openLoginPageButtonExitTest[0]" classname="tests.PersonalAccountPageTests" time="3.257">
    <error type="java.lang.NullPointerException">java.lang.NullPointerException
	at tests.PersonalAccountPageTests.teardown(PersonalAccountPageTests.java:97)
</error>
  </testcase>
  <testcase name="openMainPageButtonConstructorTest[1]" classname="tests.PersonalAccountPageTests" time="8.747"/>
  <testcase name="personalAccountTest[1]" classname="tests.PersonalAccountPageTests" time="8.064"/>
  <testcase name="openMainPageButtonLogoTest[1]" classname="tests.PersonalAccountPageTests" time="7.326">
    <error message="Element &lt;button class=&quot;button_button__33qZ0 button_button_type_primary__1O7Bx button_button_size_large__G21Vg&quot;&gt; is not clickable at point (1144,440) because another element &lt;div class=&quot;Modal_modal_overlay__x2ZCr&quot;&gt; obscures it&#10;Build info: version: &apos;3.141.59&apos;, revision: &apos;e82be7d358&apos;, time: &apos;2018-11-14T08:17:03&apos;&#10;System info: host: &apos;EBOGDANOVA-L&apos;, ip: &apos;10.101.164.59&apos;, os.name: &apos;Windows 10&apos;, os.arch: &apos;amd64&apos;, os.version: &apos;10.0&apos;, java.version: &apos;11.0.14&apos;&#10;Driver info: org.openqa.selenium.firefox.FirefoxDriver&#10;Capabilities {acceptInsecureCerts: true, browserName: firefox, browserVersion: 120.0.1, javascriptEnabled: true, moz:accessibilityChecks: false, moz:buildID: 20231129155202, moz:geckodriverVersion: 0.33.0, moz:headless: false, moz:platformVersion: 10.0, moz:processID: 18544, moz:profile: C:\Users\EBOGDA~1.OPE\AppDa..., moz:shutdownTimeout: 60000, moz:webdriverClick: true, moz:windowless: false, pageLoadStrategy: normal, platform: WINDOWS, platformName: WINDOWS, proxy: Proxy(), setWindowRect: true, strictFileInteractability: false, timeouts: {implicit: 0, pageLoad: 300000, script: 30000}, unhandledPromptBehavior: dismiss and notify}&#10;Session ID: d2ce5609-d342-4921-b6f2-eddb43a9c5fc" type="org.openqa.selenium.ElementClickInterceptedException"><![CDATA[org.openqa.selenium.ElementClickInterceptedException: 
Element <button class="button_button__33qZ0 button_button_type_primary__1O7Bx button_button_size_large__G21Vg"> is not clickable at point (1144,440) because another element <div class="Modal_modal_overlay__x2ZCr"> obscures it
Build info: version: '3.141.59', revision: 'e82be7d358', time: '2018-11-14T08:17:03'
System info: host: 'EBOGDANOVA-L', ip: '10.101.164.59', os.name: 'Windows 10', os.arch: 'amd64', os.version: '10.0', java.version: '11.0.14'
Driver info: org.openqa.selenium.firefox.FirefoxDriver
Capabilities {acceptInsecureCerts: true, browserName: firefox, browserVersion: 120.0.1, javascriptEnabled: true, moz:accessibilityChecks: false, moz:buildID: 20231129155202, moz:geckodriverVersion: 0.33.0, moz:headless: false, moz:platformVersion: 10.0, moz:processID: 18544, moz:profile: C:\Users\EBOGDA~1.OPE\AppDa..., moz:shutdownTimeout: 60000, moz:webdriverClick: true, moz:windowless: false, pageLoadStrategy: normal, platform: WINDOWS, platformName: WINDOWS, proxy: Proxy(), setWindowRect: true, strictFileInteractability: false, timeouts: {implicit: 0, pageLoad: 300000, script: 30000}, unhandledPromptBehavior: dismiss and notify}
Session ID: d2ce5609-d342-4921-b6f2-eddb43a9c5fc
	at tests.PersonalAccountPageTests.login(PersonalAccountPageTests.java:50)
]]></error>
    <system-err><![CDATA[1702890563294	geckodriver	INFO	Listening on 127.0.0.1:8909
1702890563532	mozrunner::runner	INFO	Running command: "C:\\Program Files\\Mozilla Firefox\\firefox.exe" "--marionette" "-no-remote" "-profile" "C:\\Users\\EBOGDA~1.OPE\\AppData\\Local\\Temp\\rust_mozprofiledPAgG4"
console.warn: services.settings: Ignoring preference override of remote settings server
console.warn: services.settings: Allow by setting MOZ_REMOTE_SETTINGS_DEVTOOLS=1 in the environment
1702890564065	Marionette	INFO	Marionette enabled
Dynamically enable window occlusion 0
1702890564195	Marionette	INFO	Listening on port 50534
Read port: 50534
1702890564491	RemoteAgent	WARN	TLS certificate errors will be ignored for this session
дек. 18, 2023 12:09:26 PM org.openqa.selenium.remote.ProtocolHandshake createSession
INFO: Detected dialect: W3C
1702890568739	Marionette	INFO	Stopped listening on port 50534
Dynamically enable window occlusion 1
]]></system-err>
  </testcase>
  <testcase name="openLoginPageButtonExitTest[1]" classname="tests.PersonalAccountPageTests" time="8.379"/>
</testsuite>